<?xml version="1.0" encoding="UTF-8"?>
<testsuite xmlns:xsi="http://www.w3.org/2001/XMLSchema-instance" xsi:noNamespaceSchemaLocation="https://maven.apache.org/surefire/maven-surefire-plugin/xsd/surefire-test-report.xsd" name="io.math.utility.CalculationTest" time="0.108" tests="3" errors="0" skipped="0" failures="0">
  <properties>
[...]
</properties>
  <testcase name="devideNumbers" classname="io.math.utility.CalculationTest" time="0.076"/>
  <testcase name="addNumbers" classname="io.math.utility.CalculationTest" time="0.006"/>
  <testcase name="computeArea" classname="io.math.utility.CalculationTest" time="0.003"/>
</testsuite>